<?xml version="1.0" encoding="UTF-8"?>
<!-- Generated by org.testng.reporters.JUnitReportReporter -->
<testsuite hostname="DESKTOP-ASGMVJF" failures="0" tests="1" name="Irctc.tatkal.BokingTicket" time="8.656" errors="0" timestamp="2023-11-23T20:40:09 IST" skipped="0">
  <testcase classname="Irctc.tatkal.BokingTicket" name="ticketbooking" time="8.656"/>
  <system-out/>
</testsuite> <!-- Irctc.tatkal.BokingTicket -->
