<?xml version="1.0" encoding="UTF-8"?>
<!-- Generated by org.testng.reporters.JUnitReportReporter -->
<testsuite hostname="DESKTOP-ASGMVJF" failures="0" tests="1" name="Irctc.tatkal.debugtest" time="6.188" errors="0" timestamp="2023-11-29T20:11:56 IST" skipped="0">
  <testcase classname="Irctc.tatkal.debugtest" name="main" time="6.188"/>
  <system-out/>
</testsuite> <!-- Irctc.tatkal.debugtest -->
