<?xml version="1.0" encoding="UTF-8"?>
<!-- Generated by org.testng.reporters.JUnitReportReporter -->
<testsuite hostname="DESKTOP-ASGMVJF" failures="0" tests="1" name="Irctc.tatkal.firstprogram" time="0.014" errors="0" timestamp="2023-10-22T15:32:37 IST" skipped="0">
  <testcase classname="Irctc.tatkal.firstprogram" name="test" time="0.014"/>
  <system-out/>
</testsuite> <!-- Irctc.tatkal.firstprogram -->
