<?xml version="1.0" encoding="UTF-8"?>
<!-- Generated by org.testng.reporters.JUnitReportReporter -->
<testsuite hostname="DESKTOP-ASGMVJF" failures="0" tests="1" name="Irctc.tatkal.chatgptcode" time="12.105" errors="0" timestamp="2023-11-21T23:35:00 IST" skipped="0">
  <testcase classname="Irctc.tatkal.chatgptcode" name="ticketbooking" time="12.105"/>
  <system-out/>
</testsuite> <!-- Irctc.tatkal.chatgptcode -->
